TN:
SF:src/Kernel.sol
DA:18,84
FN:18,Kernel.constructor
FNDA:84,Kernel.constructor
DA:19,84
BRDA:19,0,0,1
DA:20,83
DA:23,5
FN:23,Kernel.updateState.0
FNDA:5,Kernel.updateState.0
DA:24,5
BRDA:24,1,0,2
DA:25,3
BRDA:25,2,0,1
DA:28,2
DA:29,2
DA:30,2
DA:32,5
DA:33,3
DA:34,3
DA:35,3
DA:36,3
DA:41,773
FN:41,Kernel.updateState.1
FNDA:773,Kernel.updateState.1
DA:42,773
BRDA:42,3,0,1
DA:44,772
DA:48,3
FN:48,Kernel.updateState.2
FNDA:3,Kernel.updateState.2
DA:49,3
BRDA:49,4,0,1
DA:52,2
DA:53,2
DA:55,5
DA:56,3
DA:61,5
FN:61,Kernel.add.0
FNDA:5,Kernel.add.0
DA:62,5
BRDA:62,5,0,1
DA:63,4
DA:64,9
DA:65,9
DA:67,9
DA:69,9
DA:71,9
DA:72,9
BRDA:72,6,0,1
DA:74,8
DA:76,8
DA:81,6
FN:81,Kernel.add.1
FNDA:6,Kernel.add.1
DA:82,6
BRDA:82,7,0,1
DA:83,5
DA:85,5
DA:88,5
DA:89,5
BRDA:89,8,0,1
DA:91,4
DA:96,6
FN:96,Kernel.sub.0
FNDA:6,Kernel.sub.0
DA:97,6
BRDA:97,9,0,1
DA:98,5
DA:100,5
DA:102,5
DA:103,5
BRDA:103,10,0,1
DA:106,4
DA:111,7
FN:111,Kernel.sub.1
FNDA:7,Kernel.sub.1
DA:112,7
BRDA:112,11,0,1
DA:113,6
DA:114,12
DA:115,12
DA:117,12
DA:119,12
DA:120,12
BRDA:120,12,0,1
DA:123,11
DA:125,11
DA:130,30
FN:130,Kernel.viewData.0
FNDA:30,Kernel.viewData.0
DA:131,30
BRDA:131,13,0,1
DA:134,29
DA:135,29
DA:136,29
DA:138,29
DA:139,29
DA:140,29
DA:142,459
DA:143,430
DA:144,430
DA:145,430
DA:146,430
DA:149,29
DA:153,22
FN:153,Kernel.viewData.1
FNDA:22,Kernel.viewData.1
DA:155,22
DA:156,22
DA:158,22
DA:160,22
DA:162,22
DA:164,22
DA:165,22
DA:166,329
DA:167,307
DA:168,307
DA:169,307
DA:170,307
DA:172,22
DA:176,61
FN:176,Kernel.viewData.2
FNDA:61,Kernel.viewData.2
DA:178,61
DA:179,61
FNF:11
FNH:11
LF:89
LH:89
BRF:14
BRH:14
end_of_record
TN:
SF:src/Vault.sol
DA:35,56
FN:35,Vault.constructor
FNDA:56,Vault.constructor
DA:36,56
BRDA:36,0,0,2
DA:37,54
DA:38,54
DA:41,2
FN:41,Vault.transferTreasuryAsset
FNDA:2,Vault.transferTreasuryAsset
DA:42,2
BRDA:42,1,0,1
DA:43,1
DA:44,1
DA:45,1
DA:48,2
FN:48,Vault.transferTreasuryAssets
FNDA:2,Vault.transferTreasuryAssets
DA:49,2
BRDA:49,2,0,1
DA:50,1
DA:51,1
DA:52,2
DA:53,2
DA:54,2
DA:56,1
DA:59,2
FN:59,Vault.transferRedeem
FNDA:2,Vault.transferRedeem
DA:60,2
BRDA:60,3,0,1
DA:61,1
DA:62,1
DA:63,2
DA:64,2
DA:65,2
DA:67,1
DA:70,2
FN:70,Vault.transferTeamAsset
FNDA:2,Vault.transferTeamAsset
DA:71,2
BRDA:71,4,0,1
DA:72,1
DA:73,1
DA:74,1
DA:77,2
FN:77,Vault.transferTeamAssets
FNDA:2,Vault.transferTeamAssets
DA:78,2
BRDA:78,5,0,1
DA:79,1
DA:80,1
DA:81,2
DA:82,2
DA:83,2
DA:85,1
DA:88,2
FN:88,Vault.receiveAsset
FNDA:2,Vault.receiveAsset
DA:89,2
BRDA:89,6,0,1
DA:90,1
DA:91,1
DA:94,2
FN:94,Vault.receiveAssets
FNDA:2,Vault.receiveAssets
DA:95,2
BRDA:95,7,0,1
DA:96,1
DA:97,1
DA:98,3
DA:99,3
DA:103,1
DA:106,3
FN:106,Vault.credit
FNDA:3,Vault.credit
DA:107,3
BRDA:107,8,0,1
DA:108,2
BRDA:108,9,0,1
DA:109,1
DA:110,1
DA:111,1
DA:112,1
DA:115,3
FN:115,Vault.credits
FNDA:3,Vault.credits
DA:116,3
BRDA:116,10,0,1
DA:117,2
DA:118,2
DA:119,2
DA:120,3
BRDA:120,11,0,1
DA:121,2
DA:122,2
DA:123,2
DA:124,2
DA:126,1
DA:127,1
DA:130,3
FN:130,Vault.syncSurplus
FNDA:3,Vault.syncSurplus
DA:131,3
BRDA:131,12,0,1
DA:133,2
DA:134,2
DA:136,2
BRDA:136,13,0,1
DA:138,1
DA:139,1
DA:141,1
DA:145,3
FN:145,Vault._accountedBalance
FNDA:3,Vault._accountedBalance
DA:146,3
DA:150,8
FN:150,Vault.backingBalances
FNDA:8,Vault.backingBalances
DA:151,8
DA:154,8
FN:154,Vault.treasuryBalances
FNDA:8,Vault.treasuryBalances
DA:155,8
DA:159,128
FN:159,Vault._treasuryAmountSlot
FNDA:128,Vault._treasuryAmountSlot
DA:160,128
DA:163,66
FN:163,Vault._backingAmountSlot
FNDA:66,Vault._backingAmountSlot
DA:164,66
DA:167,6
FN:167,Vault._teamAmountSlot
FNDA:6,Vault._teamAmountSlot
DA:168,6
DA:171,212
FN:171,Vault._namespace
FNDA:212,Vault._namespace
DA:172,212
BRDA:172,14,0,68
DA:173,143
BRDA:173,15,0,133
DA:174,10
BRDA:174,16,0,10
DA:175,0
DA:178,211
FN:178,Vault._amountSlot
FNDA:211,Vault._amountSlot
DA:179,211
DA:181,211
DA:182,211
DA:183,211
DA:187,14
FN:187,Vault._readAssets
FNDA:14,Vault._readAssets
DA:188,14
DA:189,14
BRDA:189,17,0,1
DA:191,13
DA:194,13
DA:195,13
DA:199,16
FN:199,Vault._readAssetBalances
FNDA:16,Vault._readAssetBalances
DA:200,16
DA:201,16
DA:202,16
BRDA:202,18,0,2
DA:204,14
DA:205,14
DA:207,14
DA:208,182
DA:210,182
DA:211,182
DA:212,182
DA:213,182
DA:214,182
DA:215,182
DA:217,182
DA:219,182
DA:224,14
DA:225,14
DA:228,14
DA:229,14
DA:230,182
DA:232,182
FNF:21
FNH:21
LF:126
LH:125
BRF:19
BRH:19
end_of_record
TN:
SF:test/Kernel.t.sol
DA:13,16
FN:13,ControllerMock.setPermissioned
FNDA:16,ControllerMock.setPermissioned
DA:14,16
DA:17,22
FN:17,ControllerMock.isPermissioned
FNDA:22,ControllerMock.isPermissioned
DA:18,22
DA:21,0
FN:21,ControllerMock.setAccess
FNDA:0,ControllerMock.setAccess
DA:22,0
DA:25,0
FN:25,ControllerMock.vaultAccess
FNDA:0,ControllerMock.vaultAccess
DA:26,0
FNF:4
FNH:2
LF:8
LH:4
BRF:0
BRH:0
end_of_record
TN:
SF:test/Vault.t.sol
DA:15,60
FN:15,VaultControllerMock.setPermissioned
FNDA:60,VaultControllerMock.setPermissioned
DA:16,60
DA:19,37
FN:19,VaultControllerMock.isPermissioned
FNDA:37,VaultControllerMock.isPermissioned
DA:20,37
DA:23,30
FN:23,VaultControllerMock.setAccess
FNDA:30,VaultControllerMock.setAccess
DA:24,30
DA:27,23
FN:27,VaultControllerMock.vaultAccess
FNDA:23,VaultControllerMock.vaultAccess
DA:28,23
DA:35,70
FN:35,ERC20Mock.mint
FNDA:70,ERC20Mock.mint
DA:36,70
DA:43,1
FN:43,VaultHarness.exposedAccountedBalance
FNDA:1,VaultHarness.exposedAccountedBalance
DA:44,1
DA:47,1
FN:47,VaultHarness.exposedNamespaceUnchecked
FNDA:1,VaultHarness.exposedNamespaceUnchecked
DA:48,1
DA:50,1
DA:52,1
DA:55,2
FN:55,VaultHarness.exposedReadAssets
FNDA:2,VaultHarness.exposedReadAssets
DA:56,2
FNF:8
FNH:8
LF:18
LH:18
BRF:0
BRH:0
end_of_record
TN:
SF:test/gas/VaultGas.t.sol
DA:14,24
FN:14,VaultGasControllerMock.setPermissioned
FNDA:24,VaultGasControllerMock.setPermissioned
DA:15,24
DA:18,746
FN:18,VaultGasControllerMock.isPermissioned
FNDA:746,VaultGasControllerMock.isPermissioned
DA:19,746
DA:22,0
FN:22,VaultGasControllerMock.setAccess
FNDA:0,VaultGasControllerMock.setAccess
DA:23,0
DA:26,0
FN:26,VaultGasControllerMock.vaultAccess
FNDA:0,VaultGasControllerMock.vaultAccess
DA:27,0
DA:34,3
FN:34,VaultReadHarness.readAssetsOnly
FNDA:3,VaultReadHarness.readAssetsOnly
DA:35,3
DA:38,3
FN:38,VaultReadHarness.buildTreasurySlotsOnly
FNDA:3,VaultReadHarness.buildTreasurySlotsOnly
DA:39,3
DA:40,3
DA:41,3
DA:42,61
DA:46,3
FN:46,VaultReadHarness.readBackingAmountsOnly
FNDA:3,VaultReadHarness.readBackingAmountsOnly
DA:47,3
DA:48,3
DA:49,3
DA:50,61
DA:52,3
DA:55,3
FN:55,VaultReadHarness.readTreasuryAmountsOnly
FNDA:3,VaultReadHarness.readTreasuryAmountsOnly
DA:56,3
DA:57,3
DA:58,3
DA:59,61
DA:61,3
FNF:8
FNH:6
LF:27
LH:23
BRF:0
BRH:0
end_of_record
